<?xml version="1.0" encoding="UTF-8"?>
<testng-results ignored="0" total="1" passed="1" failed="0" skipped="0">
  <reporter-output>
  </reporter-output>
  <suite started-at="2024-11-30T02:03:12 IST" name="Default suite" finished-at="2024-11-30T02:04:37 IST" duration-ms="85259">
    <groups>
    </groups>
    <test started-at="2024-11-30T02:03:12 IST" name="Default test" finished-at="2024-11-30T02:04:37 IST" duration-ms="85259">
      <class name="testpkg.Testpage">
        <test-method is-config="true" signature="setUp()[pri:0, instance:testpkg.Testpage@73e9cf30]" started-at="2024-11-30T02:03:12 IST" name="setUp" finished-at="2024-11-30T02:03:28 IST" duration-ms="16383" status="PASS">
          <reporter-output>
          </reporter-output>
        </test-method> <!-- setUp -->
        <test-method is-config="true" signature="setuptest()[pri:0, instance:testpkg.Testpage@73e9cf30]" started-at="2024-11-30T02:03:28 IST" name="setuptest" finished-at="2024-11-30T02:03:28 IST" depends-on-methods="basepkg.Baseclass.setUp" duration-ms="63" status="PASS">
          <reporter-output>
          </reporter-output>
        </test-method> <!-- setuptest -->
        <test-method signature="testwebsite()[pri:0, instance:testpkg.Testpage@73e9cf30]" started-at="2024-11-30T02:03:28 IST" name="testwebsite" finished-at="2024-11-30T02:04:37 IST" duration-ms="68772" status="PASS">
          <reporter-output>
          </reporter-output>
        </test-method> <!-- testwebsite -->
      </class> <!-- testpkg.Testpage -->
    </test> <!-- Default test -->
  </suite> <!-- Default suite -->
</testng-results>
